# JRE version: OpenJDK Runtime Environment (8.0_222-b10) (build 1.8.0_222-8u222-b10-1ubuntu1~18.04.1-b10)
# Java VM: OpenJDK 64-Bit Server VM (25.222-b10 mixed mode linux-amd64 compressed oops)
Heap:
 PSYoungGen      total 199680K, used 14323K [0x00000000d6980000, 0x00000000e3b00000, 0x0000000100000000)
  eden space 185344K, 0% used [0x00000000d6980000,0x00000000d6980000,0x00000000e1e80000)
  from space 14336K, 99% used [0x00000000e1f00000,0x00000000e2cfccc8,0x00000000e2d00000)
  to   space 9216K, 0% used [0x00000000e3200000,0x00000000e3200000,0x00000000e3b00000)
 ParOldGen       total 84992K, used 35331K [0x0000000083c00000, 0x0000000088f00000, 0x00000000d6980000)
  object space 84992K, 41% used [0x0000000083c00000,0x0000000085e80c20,0x0000000088f00000)
 Metaspace       used 43277K, capacity 43920K, committed 44248K, reserved 1087488K
  class space    used 6173K, capacity 6361K, committed 6400K, reserved 1048576K
GC Heap History (10 events):
Event: 4.357 GC heap after
Heap after GC invocations=4 (full 1):
 PSYoungGen      total 70656K, used 0K [0x00000000d6980000, 0x00000000df380000, 0x0000000100000000)
  eden space 65536K, 0% used [0x00000000d6980000,0x00000000d6980000,0x00000000da980000)
  from space 5120K, 0% used [0x00000000da980000,0x00000000da980000,0x00000000dae80000)
  to   space 5120K, 0% used [0x00000000dee80000,0x00000000dee80000,0x00000000df380000)
 ParOldGen       total 53760K, used 6995K [0x0000000083c00000, 0x0000000087080000, 0x00000000d6980000)
  object space 53760K, 13% used [0x0000000083c00000,0x00000000842d4fa0,0x0000000087080000)
 Metaspace       used 20896K, capacity 21096K, committed 21248K, reserved 1067008K
  class space    used 2868K, capacity 2952K, committed 3072K, reserved 1048576K
}
Event: 5.140 GC heap before
{Heap before GC invocations=5 (full 1):
 PSYoungGen      total 70656K, used 65536K [0x00000000d6980000, 0x00000000df380000, 0x0000000100000000)
  eden space 65536K, 100% used [0x00000000d6980000,0x00000000da980000,0x00000000da980000)
  from space 5120K, 0% used [0x00000000da980000,0x00000000da980000,0x00000000dae80000)
  to   space 5120K, 0% used [0x00000000dee80000,0x00000000dee80000,0x00000000df380000)
 ParOldGen       total 53760K, used 6995K [0x0000000083c00000, 0x0000000087080000, 0x00000000d6980000)
  object space 53760K, 13% used [0x0000000083c00000,0x00000000842d4fa0,0x0000000087080000)
 Metaspace       used 28819K, capacity 29010K, committed 29184K, reserved 1075200K
  class space    used 3981K, capacity 4051K, committed 4096K, reserved 1048576K
Event: 5.160 GC heap after
Heap after GC invocations=5 (full 1):
 PSYoungGen      total 117760K, used 5116K [0x00000000d6980000, 0x00000000df380000, 0x0000000100000000)
  eden space 112640K, 0% used [0x00000000d6980000,0x00000000d6980000,0x00000000dd780000)
  from space 5120K, 99% used [0x00000000dee80000,0x00000000df37f2c0,0x00000000df380000)
  to   space 5120K, 0% used [0x00000000de980000,0x00000000de980000,0x00000000dee80000)
 ParOldGen       total 53760K, used 9873K [0x0000000083c00000, 0x0000000087080000, 0x00000000d6980000)
  object space 53760K, 18% used [0x0000000083c00000,0x00000000845a44f8,0x0000000087080000)
 Metaspace       used 28819K, capacity 29010K, committed 29184K, reserved 1075200K
  class space    used 3981K, capacity 4051K, committed 4096K, reserved 1048576K
}
Event: 6.085 GC heap before
{Heap before GC invocations=6 (full 1):
 PSYoungGen      total 117760K, used 99077K [0x00000000d6980000, 0x00000000df380000, 0x0000000100000000)
  eden space 112640K, 83% used [0x00000000d6980000,0x00000000dc5421c8,0x00000000dd780000)
  from space 5120K, 99% used [0x00000000dee80000,0x00000000df37f2c0,0x00000000df380000)
  to   space 5120K, 0% used [0x00000000de980000,0x00000000de980000,0x00000000dee80000)
 ParOldGen       total 53760K, used 9873K [0x0000000083c00000, 0x0000000087080000, 0x00000000d6980000)
  object space 53760K, 18% used [0x0000000083c00000,0x00000000845a44f8,0x0000000087080000)
 Metaspace       used 34873K, capacity 35198K, committed 35416K, reserved 1079296K
  class space    used 4845K, capacity 4961K, committed 4992K, reserved 1048576K
Event: 6.106 GC heap after
Heap after GC invocations=6 (full 1):
 PSYoungGen      total 136192K, used 5091K [0x00000000d6980000, 0x00000000e3b00000, 0x0000000100000000)
  eden space 131072K, 0% used [0x00000000d6980000,0x00000000d6980000,0x00000000de980000)
  from space 5120K, 99% used [0x00000000de980000,0x00000000dee78f38,0x00000000dee80000)
  to   space 9216K, 0% used [0x00000000e3200000,0x00000000e3200000,0x00000000e3b00000)
 ParOldGen       total 53760K, used 12934K [0x0000000083c00000, 0x0000000087080000, 0x00000000d6980000)
  object space 53760K, 24% used [0x0000000083c00000,0x00000000848a1888,0x0000000087080000)
 Metaspace       used 34873K, capacity 35198K, committed 35416K, reserved 1079296K
  class space    used 4845K, capacity 4961K, committed 4992K, reserved 1048576K
}
Event: 6.106 GC heap before
{Heap before GC invocations=7 (full 2):
 PSYoungGen      total 136192K, used 5091K [0x00000000d6980000, 0x00000000e3b00000, 0x0000000100000000)
  eden space 131072K, 0% used [0x00000000d6980000,0x00000000d6980000,0x00000000de980000)
  from space 5120K, 99% used [0x00000000de980000,0x00000000dee78f38,0x00000000dee80000)
  to   space 9216K, 0% used [0x00000000e3200000,0x00000000e3200000,0x00000000e3b00000)
 ParOldGen       total 53760K, used 12934K [0x0000000083c00000, 0x0000000087080000, 0x00000000d6980000)
  object space 53760K, 24% used [0x0000000083c00000,0x00000000848a1888,0x0000000087080000)
 Metaspace       used 34873K, capacity 35198K, committed 35416K, reserved 1079296K
  class space    used 4845K, capacity 4961K, committed 4992K, reserved 1048576K
Event: 6.174 GC heap after
Heap after GC invocations=7 (full 2):
 PSYoungGen      total 136192K, used 0K [0x00000000d6980000, 0x00000000e3b00000, 0x0000000100000000)
  eden space 131072K, 0% used [0x00000000d6980000,0x00000000d6980000,0x00000000de980000)
  from space 5120K, 0% used [0x00000000de980000,0x00000000de980000,0x00000000dee80000)
  to   space 9216K, 0% used [0x00000000e3200000,0x00000000e3200000,0x00000000e3b00000)
 ParOldGen       total 84992K, used 11431K [0x0000000083c00000, 0x0000000088f00000, 0x00000000d6980000)
  object space 84992K, 13% used [0x0000000083c00000,0x0000000084729eb0,0x0000000088f00000)
 Metaspace       used 34870K, capacity 35192K, committed 35416K, reserved 1079296K
  class space    used 4845K, capacity 4960K, committed 4992K, reserved 1048576K
}
Event: 8.367 GC heap before
{Heap before GC invocations=8 (full 2):
 PSYoungGen      total 136192K, used 131072K [0x00000000d6980000, 0x00000000e3b00000, 0x0000000100000000)
  eden space 131072K, 100% used [0x00000000d6980000,0x00000000de980000,0x00000000de980000)
  from space 5120K, 0% used [0x00000000de980000,0x00000000de980000,0x00000000dee80000)
  to   space 9216K, 0% used [0x00000000e3200000,0x00000000e3200000,0x00000000e3b00000)
 ParOldGen       total 84992K, used 11431K [0x0000000083c00000, 0x0000000088f00000, 0x00000000d6980000)
  object space 84992K, 13% used [0x0000000083c00000,0x0000000084729eb0,0x0000000088f00000)
 Metaspace       used 42290K, capacity 42928K, committed 43096K, reserved 1085440K
  class space    used 6010K, capacity 6201K, committed 6272K, reserved 1048576K
Event: 8.392 GC heap after
Heap after GC invocations=8 (full 2):
 PSYoungGen      total 194560K, used 9196K [0x00000000d6980000, 0x00000000e3b00000, 0x0000000100000000)
  eden space 185344K, 0% used [0x00000000d6980000,0x00000000d6980000,0x00000000e1e80000)
  from space 9216K, 99% used [0x00000000e3200000,0x00000000e3afb260,0x00000000e3b00000)
  to   space 14336K, 0% used [0x00000000e1f00000,0x00000000e1f00000,0x00000000e2d00000)
 ParOldGen       total 84992K, used 18445K [0x0000000083c00000, 0x0000000088f00000, 0x00000000d6980000)
  object space 84992K, 21% used [0x0000000083c00000,0x0000000084e03540,0x0000000088f00000)
 Metaspace       used 42290K, capacity 42928K, committed 43096K, reserved 1085440K
  class space    used 6010K, capacity 6201K, committed 6272K, reserved 1048576K
}
Event: 9.306 GC heap before
{Heap before GC invocations=9 (full 2):
 PSYoungGen      total 194560K, used 194540K [0x00000000d6980000, 0x00000000e3b00000, 0x0000000100000000)
  eden space 185344K, 100% used [0x00000000d6980000,0x00000000e1e80000,0x00000000e1e80000)
  from space 9216K, 99% used [0x00000000e3200000,0x00000000e3afb260,0x00000000e3b00000)
  to   space 14336K, 0% used [0x00000000e1f00000,0x00000000e1f00000,0x00000000e2d00000)
 ParOldGen       total 84992K, used 18445K [0x0000000083c00000, 0x0000000088f00000, 0x00000000d6980000)
  object space 84992K, 21% used [0x0000000083c00000,0x0000000084e03540,0x0000000088f00000)
 Metaspace       used 43277K, capacity 43920K, committed 44248K, reserved 1087488K
  class space    used 6173K, capacity 6361K, committed 6400K, reserved 1048576K

